[     142ms] [INFO] %cDownload the React DevTools for a better development experience: https://react.dev/link/react-devtools font-weight:bold @ http://localhost:3000/_next/static/chunks/0tn._next_dist_0woqwpu._.js:2431
[     148ms] [LOG] [HMR] connected @ http://localhost:3000/_next/static/chunks/0tn._next_dist_0woqwpu._.js:2431
[  141188ms] [LOG] [Fast Refresh] rebuilding @ http://localhost:3000/_next/static/chunks/0tn._next_dist_0woqwpu._.js:2431
[  141227ms] [LOG] [Fast Refresh] done in 142ms @ http://localhost:3000/_next/static/chunks/0tn._next_dist_0woqwpu._.js:2431
[  141329ms] [LOG] [Fast Refresh] rebuilding @ http://localhost:3000/_next/static/chunks/0tn._next_dist_0woqwpu._.js:2431
[  141339ms] [LOG] [Fast Refresh] done in 111ms @ http://localhost:3000/_next/static/chunks/0tn._next_dist_0woqwpu._.js:2431
[  194387ms] [LOG] [Fast Refresh] rebuilding @ http://localhost:3000/_next/static/chunks/0tn._next_dist_0woqwpu._.js:2431
[  195382ms] [LOG] [HMR] connected @ http://localhost:3000/_next/static/chunks/0tn._next_dist_0woqwpu._.js:2431
[  195665ms] [INFO] %cDownload the React DevTools for a better development experience: https://react.dev/link/react-devtools font-weight:bold @ http://localhost:3000/_next/static/chunks/0tn._next_dist_0woqwpu._.js:2431
[  195673ms] [LOG] [HMR] connected @ http://localhost:3000/_next/static/chunks/0tn._next_dist_0woqwpu._.js:2431
[  342108ms] [LOG] [Fast Refresh] rebuilding @ http://localhost:3000/_next/static/chunks/0tn._next_dist_0woqwpu._.js:2431
[  342427ms] [LOG] [Fast Refresh] done in 393ms @ http://localhost:3000/_next/static/chunks/0tn._next_dist_0woqwpu._.js:2431
[  433833ms] [LOG] [Fast Refresh] rebuilding @ http://localhost:3000/_next/static/chunks/0tn._next_dist_0woqwpu._.js:2431
[  435072ms] [LOG] [Fast Refresh] done in 184ms @ http://localhost:3000/_next/static/chunks/0tn._next_dist_0woqwpu._.js:2431
[  437808ms] [LOG] [Fast Refresh] rebuilding @ http://localhost:3000/_next/static/chunks/0tn._next_dist_0woqwpu._.js:2431
[  437878ms] [LOG] [Fast Refresh] done in 67ms @ http://localhost:3000/_next/static/chunks/0tn._next_dist_0woqwpu._.js:2431
[  437983ms] [LOG] [Fast Refresh] rebuilding @ http://localhost:3000/_next/static/chunks/0tn._next_dist_0woqwpu._.js:2431
[  438988ms] [LOG] [Fast Refresh] done in 1104ms @ http://localhost:3000/_next/static/chunks/0tn._next_dist_0woqwpu._.js:2431
[  442274ms] [LOG] [Fast Refresh] rebuilding @ http://localhost:3000/_next/static/chunks/0tn._next_dist_0woqwpu._.js:2431
[  442337ms] [LOG] [Fast Refresh] done in 60ms @ http://localhost:3000/_next/static/chunks/0tn._next_dist_0woqwpu._.js:2431
[  442439ms] [LOG] [Fast Refresh] rebuilding @ http://localhost:3000/_next/static/chunks/0tn._next_dist_0woqwpu._.js:2431
[  443434ms] [LOG] [Fast Refresh] done in 1095ms @ http://localhost:3000/_next/static/chunks/0tn._next_dist_0woqwpu._.js:2431
[  447143ms] [LOG] [Fast Refresh] rebuilding @ http://localhost:3000/_next/static/chunks/0tn._next_dist_0woqwpu._.js:2431
[  447206ms] [LOG] [Fast Refresh] done in 62ms @ http://localhost:3000/_next/static/chunks/0tn._next_dist_0woqwpu._.js:2431
[  447309ms] [LOG] [Fast Refresh] rebuilding @ http://localhost:3000/_next/static/chunks/0tn._next_dist_0woqwpu._.js:2431
[  447843ms] [LOG] [Fast Refresh] done in 635ms @ http://localhost:3000/_next/static/chunks/0tn._next_dist_0woqwpu._.js:2431
[  447944ms] [LOG] [Fast Refresh] rebuilding @ http://localhost:3000/_next/static/chunks/0tn._next_dist_0woqwpu._.js:2431
[  448468ms] [LOG] [Fast Refresh] done in 624ms @ http://localhost:3000/_next/static/chunks/0tn._next_dist_0woqwpu._.js:2431
[  496187ms] [LOG] [Fast Refresh] rebuilding @ http://localhost:3000/_next/static/chunks/0tn._next_dist_0woqwpu._.js:2431
[  496448ms] [LOG] [Fast Refresh] done in 311ms @ http://localhost:3000/_next/static/chunks/0tn._next_dist_0woqwpu._.js:2431
[  496580ms] [LOG] [Fast Refresh] rebuilding @ http://localhost:3000/_next/static/chunks/0tn._next_dist_0woqwpu._.js:2431
[  496595ms] [LOG] [Fast Refresh] done in 115ms @ http://localhost:3000/_next/static/chunks/0tn._next_dist_0woqwpu._.js:2431
[  549367ms] [LOG] [Fast Refresh] rebuilding @ http://localhost:3000/_next/static/chunks/0tn._next_dist_0woqwpu._.js:2431
[  549396ms] [LOG] [Fast Refresh] done in 43ms @ http://localhost:3000/_next/static/chunks/0tn._next_dist_0woqwpu._.js:2431
[  572960ms] [LOG] [Fast Refresh] rebuilding @ http://localhost:3000/_next/static/chunks/0tn._next_dist_0woqwpu._.js:2431
[  573050ms] [LOG] [Fast Refresh] done in 161ms @ http://localhost:3000/_next/static/chunks/0tn._next_dist_0woqwpu._.js:2431
[  605951ms] [LOG] [Fast Refresh] rebuilding @ http://localhost:3000/_next/static/chunks/0tn._next_dist_0woqwpu._.js:2431
[  605980ms] [LOG] [Fast Refresh] done in 41ms @ http://localhost:3000/_next/static/chunks/0tn._next_dist_0woqwpu._.js:2431
[  624487ms] [LOG] [Fast Refresh] rebuilding @ http://localhost:3000/_next/static/chunks/0tn._next_dist_0woqwpu._.js:2431
[  624581ms] [LOG] [Fast Refresh] done in 70ms @ http://localhost:3000/_next/static/chunks/0tn._next_dist_0woqwpu._.js:2431
[  624686ms] [LOG] [Fast Refresh] rebuilding @ http://localhost:3000/_next/static/chunks/0tn._next_dist_0woqwpu._.js:2431
[  625288ms] [LOG] [Fast Refresh] done in 703ms @ http://localhost:3000/_next/static/chunks/0tn._next_dist_0woqwpu._.js:2431
[  625390ms] [LOG] [Fast Refresh] rebuilding @ http://localhost:3000/_next/static/chunks/0tn._next_dist_0woqwpu._.js:2431
[  625762ms] [LOG] [Fast Refresh] done in 474ms @ http://localhost:3000/_next/static/chunks/0tn._next_dist_0woqwpu._.js:2431
[  632448ms] [LOG] [Fast Refresh] rebuilding @ http://localhost:3000/_next/static/chunks/0tn._next_dist_0woqwpu._.js:2431
[  632572ms] [LOG] [Fast Refresh] done in 218ms @ http://localhost:3000/_next/static/chunks/0tn._next_dist_0woqwpu._.js:2431
[  632783ms] [INFO] %cDownload the React DevTools for a better development experience: https://react.dev/link/react-devtools font-weight:bold @ http://localhost:3000/_next/static/chunks/0tn._next_dist_0woqwpu._.js:2431
[  632791ms] [LOG] [HMR] connected @ http://localhost:3000/_next/static/chunks/0tn._next_dist_0woqwpu._.js:2431
[  696800ms] [LOG] [Fast Refresh] rebuilding @ http://localhost:3000/_next/static/chunks/0tn._next_dist_0woqwpu._.js:2431
[  697817ms] [LOG] [Fast Refresh] done in 160ms @ http://localhost:3000/_next/static/chunks/0tn._next_dist_0woqwpu._.js:2431
[  697918ms] [LOG] [Fast Refresh] rebuilding @ http://localhost:3000/_next/static/chunks/0tn._next_dist_0woqwpu._.js:2431
[  698357ms] [LOG] [Fast Refresh] done in 539ms @ http://localhost:3000/_next/static/chunks/0tn._next_dist_0woqwpu._.js:2431
[  698466ms] [LOG] [Fast Refresh] rebuilding @ http://localhost:3000/_next/static/chunks/0tn._next_dist_0woqwpu._.js:2431
[  698894ms] [LOG] [Fast Refresh] done in 530ms @ http://localhost:3000/_next/static/chunks/0tn._next_dist_0woqwpu._.js:2431
[  698995ms] [LOG] [Fast Refresh] rebuilding @ http://localhost:3000/_next/static/chunks/0tn._next_dist_0woqwpu._.js:2431
[  699138ms] [LOG] [Fast Refresh] done in 243ms @ http://localhost:3000/_next/static/chunks/0tn._next_dist_0woqwpu._.js:2431
[  819400ms] [LOG] [Fast Refresh] rebuilding @ http://localhost:3000/_next/static/chunks/0tn._next_dist_0woqwpu._.js:2431
[  819526ms] [LOG] [Fast Refresh] done in 71ms @ http://localhost:3000/_next/static/chunks/0tn._next_dist_0woqwpu._.js:2431
[  819690ms] [LOG] [Fast Refresh] rebuilding @ http://localhost:3000/_next/static/chunks/0tn._next_dist_0woqwpu._.js:2431
[  820570ms] [LOG] [Fast Refresh] done in 979ms @ http://localhost:3000/_next/static/chunks/0tn._next_dist_0woqwpu._.js:2431
[  820672ms] [LOG] [Fast Refresh] rebuilding @ http://localhost:3000/_next/static/chunks/0tn._next_dist_0woqwpu._.js:2431
[  820752ms] [LOG] [Fast Refresh] done in 181ms @ http://localhost:3000/_next/static/chunks/0tn._next_dist_0woqwpu._.js:2431
[  828593ms] [LOG] [Fast Refresh] rebuilding @ http://localhost:3000/_next/static/chunks/0tn._next_dist_0woqwpu._.js:2431
[  828698ms] [LOG] [Fast Refresh] done in 69ms @ http://localhost:3000/_next/static/chunks/0tn._next_dist_0woqwpu._.js:2431
[  828808ms] [LOG] [Fast Refresh] rebuilding @ http://localhost:3000/_next/static/chunks/0tn._next_dist_0woqwpu._.js:2431
[  829627ms] [LOG] [Fast Refresh] done in 919ms @ http://localhost:3000/_next/static/chunks/0tn._next_dist_0woqwpu._.js:2431
[  829734ms] [LOG] [Fast Refresh] rebuilding @ http://localhost:3000/_next/static/chunks/0tn._next_dist_0woqwpu._.js:2431
[  829872ms] [LOG] [Fast Refresh] done in 239ms @ http://localhost:3000/_next/static/chunks/0tn._next_dist_0woqwpu._.js:2431
[  848095ms] [LOG] [Fast Refresh] rebuilding @ http://localhost:3000/_next/static/chunks/0tn._next_dist_0woqwpu._.js:2431
[  848143ms] [LOG] [Fast Refresh] done in 51ms @ http://localhost:3000/_next/static/chunks/0tn._next_dist_0woqwpu._.js:2431
[  848376ms] [LOG] [Fast Refresh] rebuilding @ http://localhost:3000/_next/static/chunks/0tn._next_dist_0woqwpu._.js:2431
[  849405ms] [LOG] [Fast Refresh] done in 1129ms @ http://localhost:3000/_next/static/chunks/0tn._next_dist_0woqwpu._.js:2431
[  904256ms] [LOG] [Fast Refresh] rebuilding @ http://localhost:3000/_next/static/chunks/0tn._next_dist_0woqwpu._.js:2431
[  904287ms] [LOG] [Fast Refresh] done in 41ms @ http://localhost:3000/_next/static/chunks/0tn._next_dist_0woqwpu._.js:2431
[  911841ms] [LOG] [Fast Refresh] rebuilding @ http://localhost:3000/_next/static/chunks/0tn._next_dist_0woqwpu._.js:2431
[  911868ms] [LOG] [Fast Refresh] done in 78ms @ http://localhost:3000/_next/static/chunks/0tn._next_dist_0woqwpu._.js:2431
[  917007ms] [LOG] [Fast Refresh] rebuilding @ http://localhost:3000/_next/static/chunks/0tn._next_dist_0woqwpu._.js:2431
[  917089ms] [LOG] [Fast Refresh] done in 110ms @ http://localhost:3000/_next/static/chunks/0tn._next_dist_0woqwpu._.js:2431
[  917264ms] [LOG] [Fast Refresh] rebuilding @ http://localhost:3000/_next/static/chunks/0tn._next_dist_0woqwpu._.js:2431
[  917338ms] [LOG] [Fast Refresh] done in 174ms @ http://localhost:3000/_next/static/chunks/0tn._next_dist_0woqwpu._.js:2431
[  923847ms] [LOG] [Fast Refresh] rebuilding @ http://localhost:3000/_next/static/chunks/0tn._next_dist_0woqwpu._.js:2431
[  923899ms] [LOG] [Fast Refresh] done in 104ms @ http://localhost:3000/_next/static/chunks/0tn._next_dist_0woqwpu._.js:2431
[  924135ms] [INFO] %cDownload the React DevTools for a better development experience: https://react.dev/link/react-devtools font-weight:bold @ http://localhost:3000/_next/static/chunks/0tn._next_dist_0woqwpu._.js:2431
[  924145ms] [LOG] [HMR] connected @ http://localhost:3000/_next/static/chunks/0tn._next_dist_0woqwpu._.js:2431
[  979896ms] [LOG] [Fast Refresh] rebuilding @ http://localhost:3000/_next/static/chunks/0tn._next_dist_0woqwpu._.js:2431
[  981829ms] [LOG] [Fast Refresh] done in 146ms @ http://localhost:3000/_next/static/chunks/0tn._next_dist_0woqwpu._.js:2431
[  981930ms] [LOG] [Fast Refresh] rebuilding @ http://localhost:3000/_next/static/chunks/0tn._next_dist_0woqwpu._.js:2431
[  982381ms] [LOG] [Fast Refresh] done in 550ms @ http://localhost:3000/_next/static/chunks/0tn._next_dist_0woqwpu._.js:2431
[ 1247906ms] [LOG] [Fast Refresh] rebuilding @ http://localhost:3000/_next/static/chunks/0tn._next_dist_0woqwpu._.js:2431
[ 1248054ms] [LOG] [Fast Refresh] done in 70ms @ http://localhost:3000/_next/static/chunks/0tn._next_dist_0woqwpu._.js:2431
[ 1248164ms] [LOG] [Fast Refresh] rebuilding @ http://localhost:3000/_next/static/chunks/0tn._next_dist_0woqwpu._.js:2431
[ 1248670ms] [LOG] [Fast Refresh] done in 607ms @ http://localhost:3000/_next/static/chunks/0tn._next_dist_0woqwpu._.js:2431
[ 1248771ms] [LOG] [Fast Refresh] rebuilding @ http://localhost:3000/_next/static/chunks/0tn._next_dist_0woqwpu._.js:2431
[ 1249181ms] [LOG] [Fast Refresh] done in 509ms @ http://localhost:3000/_next/static/chunks/0tn._next_dist_0woqwpu._.js:2431
[ 1249282ms] [LOG] [Fast Refresh] rebuilding @ http://localhost:3000/_next/static/chunks/0tn._next_dist_0woqwpu._.js:2431
[ 1249295ms] [LOG] [Fast Refresh] done in 113ms @ http://localhost:3000/_next/static/chunks/0tn._next_dist_0woqwpu._.js:2431
[ 1251869ms] [LOG] [Fast Refresh] rebuilding @ http://localhost:3000/_next/static/chunks/0tn._next_dist_0woqwpu._.js:2431
[ 1251972ms] [LOG] [Fast Refresh] done in 72ms @ http://localhost:3000/_next/static/chunks/0tn._next_dist_0woqwpu._.js:2431
[ 1252074ms] [LOG] [Fast Refresh] rebuilding @ http://localhost:3000/_next/static/chunks/0tn._next_dist_0woqwpu._.js:2431
[ 1253227ms] [LOG] [Fast Refresh] done in 1253ms @ http://localhost:3000/_next/static/chunks/0tn._next_dist_0woqwpu._.js:2431
[ 1256450ms] [LOG] [Fast Refresh] rebuilding @ http://localhost:3000/_next/static/chunks/0tn._next_dist_0woqwpu._.js:2431
[ 1256512ms] [LOG] [Fast Refresh] done in 54ms @ http://localhost:3000/_next/static/chunks/0tn._next_dist_0woqwpu._.js:2431
[ 1256699ms] [LOG] [Fast Refresh] rebuilding @ http://localhost:3000/_next/static/chunks/0tn._next_dist_0woqwpu._.js:2431
[ 1257173ms] [LOG] [Fast Refresh] done in 575ms @ http://localhost:3000/_next/static/chunks/0tn._next_dist_0woqwpu._.js:2431
[ 1257280ms] [LOG] [Fast Refresh] rebuilding @ http://localhost:3000/_next/static/chunks/0tn._next_dist_0woqwpu._.js:2431
[ 1257738ms] [LOG] [Fast Refresh] done in 558ms @ http://localhost:3000/_next/static/chunks/0tn._next_dist_0woqwpu._.js:2431
[ 1257841ms] [LOG] [Fast Refresh] rebuilding @ http://localhost:3000/_next/static/chunks/0tn._next_dist_0woqwpu._.js:2431
[ 1257868ms] [LOG] [Fast Refresh] done in 128ms @ http://localhost:3000/_next/static/chunks/0tn._next_dist_0woqwpu._.js:2431
[ 1260522ms] [LOG] [Fast Refresh] rebuilding @ http://localhost:3000/_next/static/chunks/0tn._next_dist_0woqwpu._.js:2431
[ 1260621ms] [LOG] [Fast Refresh] done in 52ms @ http://localhost:3000/_next/static/chunks/0tn._next_dist_0woqwpu._.js:2431
[ 1260729ms] [LOG] [Fast Refresh] rebuilding @ http://localhost:3000/_next/static/chunks/0tn._next_dist_0woqwpu._.js:2431
[ 1261511ms] [LOG] [Fast Refresh] done in 883ms @ http://localhost:3000/_next/static/chunks/0tn._next_dist_0woqwpu._.js:2431
[ 1261614ms] [LOG] [Fast Refresh] rebuilding @ http://localhost:3000/_next/static/chunks/0tn._next_dist_0woqwpu._.js:2431
[ 1261940ms] [LOG] [Fast Refresh] done in 426ms @ http://localhost:3000/_next/static/chunks/0tn._next_dist_0woqwpu._.js:2431
[ 1417017ms] [LOG] [Fast Refresh] rebuilding @ http://localhost:3000/_next/static/chunks/0tn._next_dist_0woqwpu._.js:2431
[ 1417069ms] [LOG] [Fast Refresh] done in 39ms @ http://localhost:3000/_next/static/chunks/0tn._next_dist_0woqwpu._.js:2431
[ 1567891ms] [LOG] [Fast Refresh] rebuilding @ http://localhost:3000/_next/static/chunks/0tn._next_dist_0woqwpu._.js:2431
[ 1568166ms] [LOG] [Fast Refresh] done in 225ms @ http://localhost:3000/_next/static/chunks/0tn._next_dist_0woqwpu._.js:2431
[ 1631581ms] [LOG] [Fast Refresh] rebuilding @ http://localhost:3000/_next/static/chunks/0tn._next_dist_0woqwpu._.js:2431
[ 1631792ms] [LOG] [Fast Refresh] done in 115ms @ http://localhost:3000/_next/static/chunks/0tn._next_dist_0woqwpu._.js:2431
[ 1631893ms] [LOG] [Fast Refresh] rebuilding @ http://localhost:3000/_next/static/chunks/0tn._next_dist_0woqwpu._.js:2431
[ 1632287ms] [LOG] [Fast Refresh] done in 495ms @ http://localhost:3000/_next/static/chunks/0tn._next_dist_0woqwpu._.js:2431
[ 1632388ms] [LOG] [Fast Refresh] rebuilding @ http://localhost:3000/_next/static/chunks/0tn._next_dist_0woqwpu._.js:2431
[ 1632851ms] [LOG] [Fast Refresh] done in 563ms @ http://localhost:3000/_next/static/chunks/0tn._next_dist_0woqwpu._.js:2431
[ 1632952ms] [LOG] [Fast Refresh] rebuilding @ http://localhost:3000/_next/static/chunks/0tn._next_dist_0woqwpu._.js:2431
[ 1633412ms] [LOG] [Fast Refresh] done in 559ms @ http://localhost:3000/_next/static/chunks/0tn._next_dist_0woqwpu._.js:2431
[ 1633515ms] [LOG] [Fast Refresh] rebuilding @ http://localhost:3000/_next/static/chunks/0tn._next_dist_0woqwpu._.js:2431
[ 1633999ms] [LOG] [Fast Refresh] done in 585ms @ http://localhost:3000/_next/static/chunks/0tn._next_dist_0woqwpu._.js:2431
[ 1634102ms] [LOG] [Fast Refresh] rebuilding @ http://localhost:3000/_next/static/chunks/0tn._next_dist_0woqwpu._.js:2431
[ 1634208ms] [LOG] [Fast Refresh] done in 207ms @ http://localhost:3000/_next/static/chunks/0tn._next_dist_0woqwpu._.js:2431
